2022-02-13 18:57:44:5744 [32minfo[39m: [32mServer is running![39m
2022-02-13 19:19:22:1922 [32minfo[39m: [32mServer is running![39m
2022-02-13 19:19:39:1939 [32minfo[39m: [32mServer is running![39m
2022-02-13 19:27:41:2741 [32minfo[39m: [32mServer is running![39m
2022-02-13 19:27:52:2752 [32minfo[39m: [32mServer is running![39m
2022-02-13 19:28:35:2835 [32minfo[39m: [32mServer is running![39m
2022-02-13 19:28:58:2858 [31merror[39m: [31mlisten EADDRINUSE: address already in use 0.0.0.0:3000[39m
2022-02-13 19:32:48:3248 [31merror[39m: [31mURI must include hostname, domain name, and tld[39m
2022-02-13 19:34:58:3458 [32minfo[39m: [32mServer is running![39m
2022-02-13 19:36:17:3617 [32minfo[39m: [32mServer is running![39m
2022-02-13 19:36:30:3630 [32minfo[39m: [32mServer is running![39m
2022-02-13 19:38:50:3850 [32minfo[39m: [32mServer is running![39m
2022-02-13 19:39:28:3928 [31merror[39m: [31mgetaddrinfo ENOTFOUND localhosdsdst[39m
2022-02-13 19:40:22:4022 [31merror[39m: [31mgetaddrinfo ENOTFOUND localhosdsdst[39m
2022-02-13 19:40:34:4034 [32minfo[39m: [32mServer is running![39m
2022-02-22 09:40:52:4052 [32minfo[39m: [32mServer is running![39m
2022-02-22 09:43:20:4320 [32minfo[39m: [32mServer is running![39m
2022-02-22 09:44:02:442 [32minfo[39m: [32mServer is running![39m
2022-02-22 09:44:59:4459 [32minfo[39m: [32mServer is running![39m
2022-02-22 09:45:12:4512 [32minfo[39m: [32mServer is running![39m
2022-02-22 09:45:20:4520 [32minfo[39m: [32mServer is running![39m
2022-02-22 09:46:33:4633 [32minfo[39m: [32mServer is running![39m
2022-02-22 09:47:07:477 [32minfo[39m: [32mServer is running![39m
2022-02-22 09:47:12:4712 [32minfo[39m: [32mServer is running![39m
2022-02-22 09:48:15:4815 [32minfo[39m: [32mServer is running![39m
2022-02-22 09:53:46:5346 [32minfo[39m: [32mServer is running![39m
2022-02-22 09:54:35:5435 [32minfo[39m: [32mServer is running![39m
2022-02-22 09:55:38:5538 [32minfo[39m: [32mServer is running![39m
2022-02-22 09:58:28:5828 [32minfo[39m: [32mServer is running![39m
2022-02-22 09:58:52:5852 [32minfo[39m: [32mServer is running![39m
2022-02-22 09:59:03:593 [32minfo[39m: [32mServer is running![39m
2022-02-22 10:00:03:03 [32minfo[39m: [32mServer is running![39m
2022-02-22 10:09:56:956 [32minfo[39m: [32mServer is running![39m
2022-02-22 10:47:16:4716 [32minfo[39m: [32mServer is running![39m
2022-02-22 13:50:15:5015 [32minfo[39m: [32mServer is running![39m
2022-02-22 13:54:47:5447 [32minfo[39m: [32mServer is running![39m
2022-02-22 13:55:06:556 [32minfo[39m: [32mServer is running![39m
2022-02-22 13:56:40:5640 [32minfo[39m: [32mServer is running![39m
2022-02-22 13:59:57:5957 [32minfo[39m: [32mServer is running![39m
2022-02-22 14:00:45:045 [32minfo[39m: [32mServer is running![39m
2022-02-22 14:01:14:114 [32minfo[39m: [32mServer is running![39m
2022-02-22 14:01:42:142 [32minfo[39m: [32mServer is running![39m
2022-02-22 14:03:02:32 [32minfo[39m: [32mServer is running![39m
2022-02-22 14:06:52:652 [32minfo[39m: [32mServer is running![39m
2022-02-22 14:42:26:4226 [32minfo[39m: [32mServer is running![39m
2022-02-22 14:47:22:4722 [32minfo[39m: [32mServer is running![39m
2022-02-22 14:48:33:4833 [32minfo[39m: [32mServer is running![39m
2022-02-22 14:49:11:4911 [32minfo[39m: [32mServer is running![39m
2022-02-22 14:49:48:4948 [32minfo[39m: [32mServer is running![39m
2022-02-22 14:52:32:5232 [32minfo[39m: [32mServer is running![39m
2022-02-22 14:57:47:5747 [32minfo[39m: [32mServer is running![39m
2022-02-22 15:03:20:320 [32minfo[39m: [32mServer is running![39m
2022-02-22 15:04:13:413 [32minfo[39m: [32mServer is running![39m
2022-02-22 15:05:47:547 [32minfo[39m: [32mServer is running![39m
2022-02-22 15:05:56:556 [32minfo[39m: [32mServer is running![39m
2022-02-22 15:10:55:1055 [32minfo[39m: [32mServer is running![39m
2022-02-22 15:11:20:1120 [32minfo[39m: [32mServer is running![39m
2022-02-22 15:11:25:1125 [32minfo[39m: [32mServer is running![39m
2022-02-22 15:12:02:122 [32minfo[39m: [32mServer is running![39m
2022-02-22 15:14:19:1419 [32minfo[39m: [32mServer is running![39m
2022-02-22 15:14:28:1428 [32minfo[39m: [32mServer is running![39m
2022-02-22 15:25:28:2528 [32minfo[39m: [32mServer is running![39m
2022-02-22 15:30:14:3014 [32minfo[39m: [32mServer is running![39m
2022-02-22 15:30:18:3018 [32minfo[39m: [32mServer is running![39m
2022-02-22 15:35:11:3511 [32minfo[39m: [32mServer is running![39m
2022-02-22 16:21:37:2137 [32minfo[39m: [32mServer is running![39m
2022-02-22 16:23:06:236 [32minfo[39m: [32mServer is running![39m
2022-02-22 16:23:13:2313 [32minfo[39m: [32mServer is running![39m
2022-02-22 16:23:29:2329 [32minfo[39m: [32mServer is running![39m
2022-02-22 16:25:27:2527 [32minfo[39m: [32mServer is running![39m
2022-02-22 16:25:59:2559 [32minfo[39m: [32mServer is running![39m
2022-02-22 16:26:12:2612 [32minfo[39m: [32mServer is running![39m
2022-02-22 16:26:22:2622 [32minfo[39m: [32mServer is running![39m
2022-02-22 16:28:23:2823 [32minfo[39m: [32mServer is running![39m
2022-02-22 16:29:14:2914 [32minfo[39m: [32mServer is running![39m
2022-02-22 16:29:28:2928 [32minfo[39m: [32mServer is running![39m
2022-02-22 16:35:11:3511 [32minfo[39m: [32mServer is running![39m
2022-02-22 16:37:26:3726 [32minfo[39m: [32mServer is running![39m
2022-02-22 16:38:22:3822 [32minfo[39m: [32mServer is running![39m
2022-03-03 15:59:41:5941 [32minfo[39m: [32mServer is running![39m
2022-03-03 16:00:27:027 [32minfo[39m: [32mServer is running![39m
2022-03-03 19:01:45:145 [32minfo[39m: [32mServer is running![39m
2022-03-03 19:07:27:727 [32minfo[39m: [32mServer is runningssssssss![39m
2022-03-03 19:07:31:731 [32minfo[39m: [32mServer is running![39m
2022-03-03 19:09:52:952 [32minfo[39m: [32mServer is runninsg![39m
2022-03-03 19:09:54:954 [32minfo[39m: [32mServer is running![39m
2022-03-03 19:11:14:1114 [32minfo[39m: [32mServer is running![39m
2022-03-03 16:12:54:1254 [32minfo[39m: [32mServer is running![39m
2022-03-03 19:17:46:1746 [32minfo[39m: [32mServer is running![39m
2022-03-03 16:23:38:2338 [32minfo[39m: [32mServer is running![39m
2022-03-03 16:27:16:2716 [32minfo[39m: [32mServer is running![39m
2022-03-03 19:28:19:2819 [32minfo[39m: [32mServer is running![39m
2022-03-03 16:28:26:2826 [32minfo[39m: [32mServer is running![39m
2022-03-03 19:28:39:2839 [32minfo[39m: [32mServer is running![39m
2022-03-03 19:54:20:5420 [32minfo[39m: [32mServer is running![39m
2022-03-03 19:54:33:5433 [32minfo[39m: [32mServer is running![39m
2022-03-03 19:57:09:579 [32minfo[39m: [32mServer is running![39m
2022-03-03 21:51:06:516 [32minfo[39m: [32mServer is running![39m
2022-03-03 21:52:38:5238 [32minfo[39m: [32mServer is running![39m
2022-03-03 21:53:42:5342 [32minfo[39m: [32mServer is running![39m
2022-03-03 21:53:44:5344 [32minfo[39m: [32mServer is running![39m
2022-03-03 21:55:58:5558 [32minfo[39m: [32mServer is running![39m
2022-03-03 21:56:46:5646 [32minfo[39m: [32mServer is running![39m
2022-03-03 21:57:46:5746 [32minfo[39m: [32mServer is running![39m
2022-03-03 18:58:10:5810 [32minfo[39m: [32mServer is running![39m
2022-03-03 21:59:12:5912 [32minfo[39m: [32mServer is running![39m
2022-03-03 18:59:17:5917 [32minfo[39m: [32mServer is running![39m
2022-03-03 21:59:48:5948 [32minfo[39m: [32mServer is running![39m
2022-03-03 19:00:39:039 [32minfo[39m: [32mServer is running![39m
2022-03-03 22:01:25:125 [32minfo[39m: [32mServer is running![39m
2022-03-03 19:01:57:157 [31merror[39m: [31m"name" is required[39m
2022-03-03 22:02:32:232 [32minfo[39m: [32mServer is running![39m
2022-03-03 22:02:41:241 [32minfo[39m: [32mServer is running![39m
2022-03-03 19:02:43:243 [32minfo[39m: [32mServer is running![39m
2022-03-03 19:04:28:428 [31merror[39m: [31m"name" is required[39m
2022-03-03 22:07:08:78 [32minfo[39m: [32mServer is running![39m
2022-03-03 22:07:37:737 [32minfo[39m: [32mServer is running![39m
2022-03-03 22:08:17:817 [32minfo[39m: [32mServer is running![39m
2022-03-03 19:08:33:833 [32minfo[39m: [32mServer is running![39m
2022-03-03 19:09:09:99 [31merror[39m: [31m"name" is required[39m
2022-03-03 19:11:04:114 [31merror[39m: [31m"name" is required[39m
2022-03-03 19:12:22:1222 [31merror[39m: [31m"name" is required[39m
2022-03-03 19:12:54:1254 [31merror[39m: [31m"name" is required[39m
